<?xml version="1.0" encoding="UTF-8"?>
<!-- Generated by org.testng.reporters.JUnitXMLReporter -->
<testsuite ignored="0" hostname="DESKTOP-NRKFARI" failures="0" tests="4" name="Default test" time="13.631" errors="0" timestamp="2025-05-18T13:33:25 IST">
  <testcase classname="week3.day2.restassuredTestNGDataProvider.RequestChaining" name="create" time="5.704"/>
  <testcase classname="week3.day2.restassuredTestNGDataProvider.RequestChaining" name="get" time="2.425"/>
  <testcase classname="week3.day2.restassuredTestNGDataProvider.RequestChaining" name="update" time="2.501"/>
  <testcase classname="week3.day2.restassuredTestNGDataProvider.RequestChaining" name="delete" time="2.893"/>
</testsuite> <!-- Default test -->
